2015-10-23 11:52:04,668 WARN  [main] util.NativeCodeLoader: Unable to load native-hadoop library for your platform... using builtin-java classes where applicable
HBase Shell; enter 'help<RETURN>' for list of supported commands.
Type "exit<RETURN>" to leave the HBase Shell
Version 1.0.0, r6c98bff7b719efdb16f71606f3b7d8229445eb81, Sat Feb 14 19:49:22 PST 2015

	status 
2 servers, 0 dead, 8.5000 average load

	list
TABLE                                                                                                                                                                                                              
dev_on_off_log                                                                                                                                                                                                     
history                                                                                                                                                                                                            
mdm:mdm_app_audit                                                                                                                                                                                                  
mdm:mdm_app_usage                                                                                                                                                                                                  
mdm:mdm_terminal_audit                                                                                                                                                                                             
mdm:mdm_user_usage                                                                                                                                                                                                 
mdm:named_string_list                                                                                                                                                                                              
mdm_app_audit                                                                                                                                                                                                      
mdm_app_usage                                                                                                                                                                                                      
mdm_terminal_audit                                                                                                                                                                                                 
mdm_user_usage                                                                                                                                                                                                     
named_string_list                                                                                                                                                                                                  
url_visit_log                                                                                                                                                                                                      
13 row(s) in 0.0830 seconds

["dev_on_off_log", "history", "mdm:mdm_app_audit", "mdm:mdm_app_usage", "mdm:mdm_terminal_audit", "mdm:mdm_user_usage", "mdm:named_string_list", "mdm_app_audit", "mdm_app_usage", "mdm_terminal_audit", "mdm_user_usage", "named_string_list", "url_visit_log"